0 info it worked if it ends with ok
1 verbose cli [ 'node', '/usr/local/bin/npm', 'install', 'underscorejs' ]
2 info using npm@1.2.25
3 info using node@v0.10.10
4 verbose read json /Users/spurcell/Uber2013/package.json
5 warn package.json @ No repository field.
6 verbose read json /Users/spurcell/Uber2013/node_modules/express/package.json
7 verbose read json /Users/spurcell/Uber2013/node_modules/jade/package.json
8 verbose read json /Users/spurcell/Uber2013/node_modules/mongojs/package.json
9 verbose read json /Users/spurcell/Uber2013/node_modules/underscore/package.json
10 verbose from cache /Users/spurcell/Uber2013/package.json
11 verbose readDependencies using package.json deps
12 verbose cache add [ 'underscorejs', null ]
13 verbose cache add name=undefined spec="underscorejs" args=["underscorejs",null]
14 verbose parsed url { protocol: null,
14 verbose parsed url   slashes: null,
14 verbose parsed url   auth: null,
14 verbose parsed url   host: null,
14 verbose parsed url   port: null,
14 verbose parsed url   hostname: null,
14 verbose parsed url   hash: null,
14 verbose parsed url   search: null,
14 verbose parsed url   query: null,
14 verbose parsed url   pathname: 'underscorejs',
14 verbose parsed url   path: 'underscorejs',
14 verbose parsed url   href: 'underscorejs' }
15 silly lockFile 77814e2b-underscorejs underscorejs
16 verbose lock underscorejs /Users/spurcell/.npm/77814e2b-underscorejs.lock
17 silly lockFile 77814e2b-underscorejs underscorejs
18 silly lockFile 77814e2b-underscorejs underscorejs
19 verbose addNamed [ 'underscorejs', '' ]
20 verbose addNamed [ null, '' ]
21 silly lockFile 3b39d02b-underscorejs underscorejs@
22 verbose lock underscorejs@ /Users/spurcell/.npm/3b39d02b-underscorejs.lock
23 silly addNameRange { name: 'underscorejs', range: '', hasData: false }
24 verbose url raw underscorejs
25 verbose url resolving [ 'https://registry.npmjs.org/', './underscorejs' ]
26 verbose url resolved https://registry.npmjs.org/underscorejs
27 info trying registry request attempt 1 at 11:40:31
28 http GET https://registry.npmjs.org/underscorejs
29 http 404 https://registry.npmjs.org/underscorejs
30 silly registry.get cb [ 404,
30 silly registry.get   { server: 'CouchDB/1.3.1 (Erlang OTP/R15B03)',
30 silly registry.get     date: 'Wed, 25 Sep 2013 15:40:31 GMT',
30 silly registry.get     'content-type': 'application/json',
30 silly registry.get     'content-length': '52',
30 silly registry.get     'cache-control': 'must-revalidate' } ]
31 silly lockFile 3b39d02b-underscorejs underscorejs@
32 silly lockFile 3b39d02b-underscorejs underscorejs@
33 error 404 'underscorejs' is not in the npm registry.
33 error 404 You should bug the author to publish it
33 error 404
33 error 404 Note that you can also install from a
33 error 404 tarball, folder, or http url, or git url.
34 error System Darwin 11.4.2
35 error command "node" "/usr/local/bin/npm" "install" "underscorejs"
36 error cwd /Users/spurcell/Uber2013
37 error node -v v0.10.10
38 error npm -v 1.2.25
39 error code E404
40 verbose exit [ 1, true ]
